Determining if the pthread_create exist failed with the following output:
Change Dir: /home/workspace/c3-project/CMakeFiles/CMakeTmp

Run Build Command:"/usr/bin/make" "cmTC_ae0df/fast"
/usr/bin/make -f CMakeFiles/cmTC_ae0df.dir/build.make CMakeFiles/cmTC_ae0df.dir/build
make[1]: Entering directory '/workspace/home/c3-project/CMakeFiles/CMakeTmp'
Building C object CMakeFiles/cmTC_ae0df.dir/CheckSymbolExists.c.o
/usr/bin/cc    -o CMakeFiles/cmTC_ae0df.dir/CheckSymbolExists.c.o   -c /home/workspace/c3-project/CMakeFiles/CMakeTmp/CheckSymbolExists.c
Linking C executable cmTC_ae0df
/usr/local/bin/cmake -E cmake_link_script CMakeFiles/cmTC_ae0df.dir/link.txt --verbose=1
/usr/bin/cc      CMakeFiles/cmTC_ae0df.dir/CheckSymbolExists.c.o  -o cmTC_ae0df 
CMakeFiles/cmTC_ae0df.dir/CheckSymbolExists.c.o: In function `main':
CheckSymbolExists.c:(.text+0x1b): undefined reference to `pthread_create'
collect2: error: ld returned 1 exit status
CMakeFiles/cmTC_ae0df.dir/build.make:86: recipe for target 'cmTC_ae0df' failed
make[1]: *** [cmTC_ae0df] Error 1
make[1]: Leaving directory '/workspace/home/c3-project/CMakeFiles/CMakeTmp'
Makefile:121: recipe for target 'cmTC_ae0df/fast' failed
make: *** [cmTC_ae0df/fast] Error 2

File /home/workspace/c3-project/CMakeFiles/CMakeTmp/CheckSymbolExists.c:
/* */
#include <pthread.h>

int main(int argc, char** argv)
{
  (void)argv;
#ifndef pthread_create
  return ((int*)(&pthread_create))[argc];
#else
  (void)argc;
  return 0;
#endif
}

Determining if the function pthread_create exists in the pthreads failed with the following output:
Change Dir: /home/workspace/c3-project/CMakeFiles/CMakeTmp

Run Build Command:"/usr/bin/make" "cmTC_298ed/fast"
/usr/bin/make -f CMakeFiles/cmTC_298ed.dir/build.make CMakeFiles/cmTC_298ed.dir/build
make[1]: Entering directory '/workspace/home/c3-project/CMakeFiles/CMakeTmp'
Building C object CMakeFiles/cmTC_298ed.dir/CheckFunctionExists.c.o
/usr/bin/cc   -DCHECK_FUNCTION_EXISTS=pthread_create   -o CMakeFiles/cmTC_298ed.dir/CheckFunctionExists.c.o   -c /usr/local/share/cmake-3.13/Modules/CheckFunctionExists.c
Linking C executable cmTC_298ed
/usr/local/bin/cmake -E cmake_link_script CMakeFiles/cmTC_298ed.dir/link.txt --verbose=1
/usr/bin/cc  -DCHECK_FUNCTION_EXISTS=pthread_create    CMakeFiles/cmTC_298ed.dir/CheckFunctionExists.c.o  -o cmTC_298ed -lpthreads 
/usr/bin/ld: cannot find -lpthreads
collect2: error: ld returned 1 exit status
CMakeFiles/cmTC_298ed.dir/build.make:86: recipe for target 'cmTC_298ed' failed
make[1]: *** [cmTC_298ed] Error 1
make[1]: Leaving directory '/workspace/home/c3-project/CMakeFiles/CMakeTmp'
Makefile:121: recipe for target 'cmTC_298ed/fast' failed
make: *** [cmTC_298ed/fast] Error 2


